[    0.000000] Initializing cgroup subsys cpuset
[    0.000000] Initializing cgroup subsys cpu
[    0.000000] Initializing cgroup subsys cpuacct
[    0.000000] Linux version 4.4.0-171-generic (buildd@lcy01-amd64-018) (gcc version 5.4.0 20160609 (Ubuntu 5.4.0-6ubuntu1~16.04.12) ) #200-Ubuntu SMP Tue Dec 3 11:04:55 UTC 2019 (Ubuntu 4.4.0-171.200-generic 4.4.203)
[    0.000000] Command line: BOOT_IMAGE=/boot/vmlinuz-4.4.0-171-generic root=LABEL=cloudimg-rootfs ro console=tty1 console=ttyS0[    0.000000] KERNEL supported cpus:
[    0.000000]   Intel GenuineIntel
[    0.000000]   AMD AuthenticAMD
[    0.0000000]   Centaur CentaurHauls
[    0.000000] x86/fpu: xstate_offset[2]:  576, xstate_sizes[2]:  256
[    0.000000] x86/fpu: Supporting XSAVE feature 0x01: 'x87 floating point registers'
[    0.000000] x86/fpu: Supporting XSAVE feature 0x02: 'SSE registers'
[    0.000000] x86/fpu: Supporting XSAVE feature 0x04: 'AVX registers'
[    0.000000x86/fpu: Enabled xstae features 0x7, coext size is 832 bytes, using 'standard' format.
[    0.000000] e820: BIOS-provided physical RAM map:
[    0.000000] BIOS-e820: [mem 0x0000000000000000-0x000000000009fbff] usable
[    0.000000] BIOS-e820: [mem 0x000000000009fc00-0x000000000009ffff] reserved
[    0.000000] BIOS-e820: [mem 0x00000000000f0000-0x00000000000fffff] reserved
[    0.00000] BIOS-e820: [mem 0x0000000000100000-0x000000001ffeffff] usable
[    0.000000] BIOS-e820: [mem 0x000000001fff0000-0x000000001fffffff] ACPI data
[    0.000000] BIOS-e820: [mem 0x00000000fec00000-0x00000000fec00fff] reserved
[    0.000000] BIOS-e820: [mem 0x00000000fee00000-0x00000000fee00fff] reserved
[    0.000000] BIOS-e820: [mem 0x00000000fffc0000-0000000fffffff] reserved
[    0.000000] NX (Execute Disable) protection: active
[    0.000000] SMBIOS 2.5 present.
[    0.000000] Hypervisor detected: KVM
[    0.000000] e820: last_pfn = 0x1fff0 max_arch_pfn = 0x400000000
[    0.000000] MTRR: Disabled
[    0.000000] x86/PAT: MTRRs disabled, skipping PAT initialization too.
[    0.000000] CPU MTRRs all blank - virtualized system.
[    0.000000] x86/PAT: Configuration [0-7]: WB  WT  UC- UC  WB  WT  UC- UC  
[    0.000000] found SMP MP-table at [mem 0x0009fff0-0x0009ffff] mapped at [ffff88000009fff0]
[    0.000000] Scanning 1 areas for low memory corruption
[    0.000000] RAMDISK: [mem 0x1e95a000-0x1f7e0fff]
[    0.000000] ACPI: Early table checksum verification disabled
[    0.000000] ACPI: RSDP 0x00000000000E0000 000024 (v02 VBOX  )
[    0.000000] ACPI: XSDT 0x000000001FFF0030 00003C (v01 VBOX   VBOXXSDT 00000001 ASL  00000061)
[    0.000000] ACPI: FACP 0x000000001FFF00F0 0000F4 (v04 VBOX   VBOXFACP 00000001 ASL  00000061)
[    0.000000] ACPI: DSDT 0x000000001FFF0470 0021FF (v02 VBOX   VBOXBIOS 00000002 INTL 20180105)
[    0.000000] ACPI: FACS 0x000000001FFF0200 000040
[    0.000000] ACPI: FACS 0x000000001FFF0200 000040
[    0.000000] ACPI: APIC 0x000000001FFF0240 00005C (v02 VBOX   VBOXAPIC 00000001 ASL  00000061)
[    0.000000] ACPI: SSDT 0x000000001FFF02A0 0001CC (v01 VBOX   VBOXCPUT 00000002 INTL 20180105)
[    0.000000] No NUMA configuration found
[    0.000000] Faking a node at [mem 0x0000000000000000-0x000000001ffeffff]
[    0.000000] NODE_DATA(0) allocated [mem 0x1ffeb000-0x1ffeffff]
[   0.000000] kvm-clock: Using msrs 4b564d01 and 4b564d00
[    .000000] kvm-clock: cpu 0, msr 0:1ffe3001, primary cpu clock
[    0.000000] kvm-clock: using sched offset of 3346169581 cycles
[    0.000000] clocksource: kvm-clock: mask: 0xffffffffffffffff max_cycles: 0x1cd42e4dffb, max_idle_ns: 88159059133 ns
[    0.000000] Zone ranges:
[    0.000000]   DMA      [mem 0x0000000000001000-0x000000000ffffff]
[   0.000000]   DMA32    [mem 0x0000000001000000-0x000000001ffeffff]
[    0.000000]   Normal   empty
[    0.000000]   Device   empty
[    0.000000] Movable zone start for each node
[    0.000000] Early memory node ranges
[    0.000000]   node   0: [mem 0x0000000000001000-0x000000000009efff]
[    0.000000]   node   0: [mem 0x0000000000100000-0x000000001ffeffff]
[    0.000000] Initmem setup node 0 [mem 0x0000000000001000-0x000000001ffeffff]
[    0.000000] ACPI: PM-Timer IO Port: 0x4008
[    0.000000] IOAPIC[0]: apic_id 2, version 32, address 0xfec00000, GSI 0-23
[    0.000000] ACPI: INT_SRC_OVR (bus 0 bus_irq 0 global_irq 2 dfl dfl)
[    0.000000] ACPI: INT_SRC_OVR (bus 0 bus_irq 9 global_irq 9 low level)
[    0.000000] Using ACPI (MADT) for SMP configuration information
[    0.000000] smpboot: Allowing 2 CPUs, 0 hotplug CPUs
[    0.000000] PM: Registered nosave memory: [mem 0x00000000-0x00000fff]
[    0.000000] PM: Registered nosave memory: [mem 0x0009f000-0x0009ffff]
[    0.000000] PM: Registered nosave memory: [mem 0x000a0000-0x000effff]
[    0.000000] PM: Registered nosave memory: [mem 0x000f0000-0x000fffff]
[    0.000000] e820: [mem 0x20000000-0xfebfffff] available for PCI devices
[    0.000000] Booting paravirtualized kernel on KVM
[    0.000000] clocksource: refined-jiffies: mask: 0xffffffff max_cycles: 0xffffffff, max_idle_ns: 7645519600211568 ns
[    0.000000] setup_percpu: NR_CPUS:512 nr_cpumask_bits:512 nr_cpu_ids:2 nr_node_ids:1
[    0.000000] PERCPU: Embedded 33 pages/cpu @ffff88001fc00000 s95448 r8192 d31528 u1048576
[    0.000000] Built 1 zonelists in Node order, mobility grouping on.  Total pages: 128888
[    0.000000] Policy zone: DMA32
[    0.000000] Kernel command line: BOOT_IMAGE=/boot/vmlinuz-4.4.0-171-generic root=LABEL=cloudimg-rootfs ro console=tty1 console=ttyS0
[    0.000000] PID hash table entries: 2048 (order: 2, 16384 bytes)
[    0.000000] Memory: 481600K/523832K available (8626K kernel code, 1336K rwdata, 4032K rodata, 1488K init, 1288K bss, 42232K reserved, 0K cma-reserved)
[    0.000000] SLUB: HWalign=64, Order=0-3, MinObjects=0, CPUs=2, Nodes=1
[    0.000000] Kernel/User page tables isolation: enabled
[    0.000000] Hierarchical RCU implementation.
[    0.000000] 	Build-time adjustment of leaf fanout to 64.
[    0.000000] 	RCU restricting CPUs from NR_CPUS=512 to nr_cpu_ids=2.
[    0.000000] RCU: Adjusting geometry for rcu_fanout_leaf=64, nr_cpu_ids=2
[    0.000000] NR_IRQS:33024 nr_irqs:440 16
[    0.000000] Console: colour VGA+ 80x25
[    0.000000] console [tty1] enabled
[    000000] console [ttyS0] enabled
[    0.000000] tsc: Detected 3092.972 MHz processor
[    0.580229] Calibrating delay loop (skipped) preset value.. 618.94 BogoMIPS (lpj=12371888)
[    0.597701] pid_max: default: 32768 minimum: 301
[    0.598697] ACPI: Core revision 20150930
[    0.600468] ACPI: 2 ACPI AML tables successfully acquired and loaded
[    0.601869] Security Framework initialized
[    0.611228] Yama: becoming mindful.
[    0.613506] AppArmor: AppArmor initialized
[    0.616141] Dentry cache hash table entries: 65536 (order: 7, 524288 bytes)
[    0.619842] Inode-cache hash table entries: 32768 (order: 6, 262144 bytes)
[    0.626625] Mount-cache hash table entries: 1024 (order: 1, 8192 bytes)
[    0.630584] Mountpoint-cache hash table entries: 1024 (order: 1, 8192 bytes)
[    0.632291] Initializing cgroup subsys io
[    0.633193] Initializing cgroup subsys memory
[    0.634094] Initializing cgroup subsys devices
[    0.635047] Initializing cgroup subsys freezer
[    0.636008] Initializing cgroup subsys net_cls
[    0.636926] Initializing cgroup subsys perf_event
[    0.637878] Initializing cgroup subsys net_prio
[    0.640249] Initializing cgroup subsys hugetlb
[    0.641200] Initializing cgroup subsys pids
[    0.642151] mce: CPU supports 0 MCE banks
[    0.643019] Last level iTLB entries: 4KB 512, 2MB 8, 4MB 8
[    0.659925] Last level dTLB entries: 4KB 512, 2MB 32, 4MB 32, 1GB 0
[    0.661158] Spectre V1 : Mitigation: usercopy/swapgs barriers and __user pointer sanitization
[    0.662840] Spectre V2 : Mitigation: Full generic retpoline
[    0.663952] Spectre V2 : Spectre v2 / SpectreRSB mitigation: Filling RSB on context switch
[    0.670870] Speculative Store Bypass: Vulnerable
[    0.671959] MDS: Mitigation: Clear CPU buffers
[    0.675280] Freeing SMP alternatives memory: 36K
[    0.682790] ftrace: allocating 32302 entries in 127 pages
[    0.738659] smpboot: APIC(0) Converting physical 0 to logical package 0
[    0.744068] smpboot: Max logical packages: 1
[    0.760070] x2apic enabled
[    0.775739] Switched APIC routing to physical x2apic.
[    0.783192] ..TIMER: vector=0x30 apic1=0 pin1=2 apic2=-1 pin2=-1
[    0.892500] smpboot: CPU0: Intel(R) Core(TM) i5-2400 CPU @ 3.10GHz (family: 0x6, model: 0x2a, stepping: 0x7)
[    0.899946] Performance Events: unsupported p6 CPU model 42 no PMU driver, software events only.
[    0.934096] KVM setup paravirtual spinlock
[    0.947656] x86: Booting SMP configuration:
[    0.954922] .... node  #0, CPUs:      #1
[    0.955883] kvm-clock: cpu 1, msr 0:1ffe3041, secondary cpu clock
[    0.969612] mce: CPU supports 0 MCE banks
[    0.976358] x86: Booted up 1 node, 2 CPUs
[    0.977442] smpboot: Total of 2 processors activated (12371.88 BogoMIPS)
[    0.979632] devtmpfs: initialized
[    0.991491] evm: security.selinux
[    0.992261] evm: security.SMACK64
[    0.993081] evm: security.SMACK64EXEC
[    0.993874] evm: security.SMACK64TRANSMUTE
[    1.002129] evm: security.SMACK64MMAP
[    1.013500] evm: security.ima
[    1.014182] evm: security.capability
[    1.022519] clocksource: jiffies: mask: 0xffffffff max_cycles: 0xffffffff, max_idle_ns: 7645041785100000 ns
[    1.039141] futex hash table entries: 512 (order: 3, 32768 bytes)
[    1.045804] pinctrl core: initialized pinctrl subsystem
[    1.047154] RTC time:  3:21:42, date: 01/22/20
[    1.048222] NET: Registered protocol family 16
[    1.067952] cpuidle: using governor ladder
[    1.084857] cpuidle: using governor menu
[    1.089672] PCCT header not found.
[    1.090522] ACPI: bus type PCI registered
[    1.099003] acpiphp: ACPI Hot Plug PCI Controller Driver version: 0.5
[    1.100291] PCI: Using configuration type 1 for base access
[    1.121246] ACPI: Added _OSI(Module Device)
[    1.122169] ACPI: Added _OSI(Processor Device)
[    1.128688] ACPI: Added _OSI(3.0 _SCP Extensions)
[    1.129759] ACPI: Added _OSI(Processor Aggregator Device)
[    1.131537] ACPI: Executed 1 blocks of module-level executable AML code
[    1.140283] ACPI: Interpreter enabled
[    1.141256] ACPI: (supports S0 S5)
[    1.141988] ACPI: Using IOAPIC for interrupt routing
[    1.143187] PCI: Using host bridge windows from ACPI; if necessary, use "pci=nocrs" and report a bug
[    1.148620] ACPI: PCI Root Bridge [PCI0] (domain 0000 [bus 00-ff])
[    1.155234] acpi PNP0A03:00: _OSC: OS supports [ASPM ClockPM Segments MSI]
[    1.156568] acpi PNP0A03:00: _OSC: not requesting OS control; OS requires [ExtendedConfig ASPM ClockPM MSI]
[    1.158417] acpi PNP0A03:00: fail to add MMCONFIG information, can't access extended PCI configuration space under this bridge.
[    1.160891] PCI host bridge to bus 0000:00
[    1.161745] pci_bus 0000:00: root bus resource [io  0x0000-0x0cf7 window]
[    1.163010] pci_bus 0000:00: root bus resource [io  0x0d00-0xffff window]
[    1.169558] pci_bus 0000:00: root bus resource [mem 0x000a0000-0x000bffff window]
[    1.171076] pci_bus 0000:00: root bus resource [mem 0x20000000-0xfdffffff window]
[    1.172677] pci_bus 0000:00: root bus resource [bus 00-ff]
[    1.175609] pci 0000:00:01.1: legacy IDE quirk: reg 0x10: [io  0x01f0-0x01f7]
[    1.177078] pci 0000:00:01.1: legacy IDE quirk: reg 0x14: [io  0x03f6]
[    1.195251] pci 0000:00:01.1: legacy IDE quirk: reg 0x18: [io  0x0170-0x0177]
[    1.207192] pci 0000:00:01.1: legacy IDE quirk: reg 0x1c: [io  0x0376]
[    1.228945] pci 0000:00:07.0: quirk: [io  0x4000-0x403f] claimed by PIIX4 ACPI
[    1.260389] pci 0000:00:07.0: quirk: [io  0x4100-0x410f] claimed by PIIX4 SMB
[    1.304998] ACPI: PCI Interrupt Link [LNKA] (IRQs 5 9 10 *11)
[    1.314923] ACPI: PCI Interrupt Link [LNKB] (IRQs 5 9 *10 11)
[    1.316535] ACPI: PCI Interrupt Link [LNKC] (IRQs 5 *9 10 11)
[    1.318059] ACPI: PCI Interrupt Link [LNKD] (IRQs 5 9 10 *11)
[    1.319618] ACPI: Enabled 2 GPEs in block 00 to 07
[    1.323125] vgaarb: setting as boot device: PCI:0000:00:02.0
[    1.342895] vgaarb: device added: PCI:0000:00:02.0,decodes=io+mem,owns=io+mem,locks=none
[    1.344517] vgaarb: loaded
[    1.345200] vgaarb: bridge control possible 0000:00:02.0
[    1.346523] SCSI subsystem initialized
[    1.347491] ACPI: bus type USB registered
[    1.348362] usbcore: registered new interface driver usbfs
[    1.349493] usbcore: registered new interface driver hub
[    1.350529] usbcore: registered new device driver usb
[    1.358540] PCI: Using ACPI for IRQ routing
[    1.359759] NetLabel: Initializing
[    1.360502] NetLabel:  domain hash size = 128
[    1.361392] NetLabel:  protocols = UNLABELED CIPSOv4
[    1.362378] NetLabel:  unlabeled traffic allowed by default
[    1.363582] amd_nb: Cannot enumerate AMD northbridges
[    1.368758] clocksource: Switched to clocksource kvm-clock
[    1.376480] AppArmor: AppArmor Filesystem Enabled
[    1.377785] pnp: PnP ACPI init
[    1.379344] pnp: PnP ACPI: found 3 devices
[    1.390328] clocksource: acpi_pm: mask: 0xfffff macycles: 0xffffff, max_idle_ns: 2085701024 ns
[    1.461291] NET: Registered protocol family 2

[    1.462443] TCP established hash tabe entries: 4096 (order: 3, 32768 bytes)

[    1.488732] TCP bind hash table entries: 4096 (order: 4, 65536 bytes)
[    1.505637] TCP: Hash tables configured (established 4096 bind 4096)
[    1.50716] UD hash table entries: 256 (order: 1, 8192 bytes)
[    1.554461] UDP-Lite hash table entries: 256 (order: 1, 8192 bytes)
[    1.555690] NET: Registered protocol family 1
[    1.556594] ci 0000:00:00.0: Limiting direct PCI/PCI transfers
[   1.580875] pci 0000:00:01.0: Actiating ISAMA ng workarounds

[    1.753326] Unpacking initramfs...
[    1.965446] Freeing initrd memory: 14876K
[    1.966600] RAPL PMU detected, API unit is 2^-32 Joules, 3 fixed counters 10737418240 ms ovfl timer
[    1.968316] hw unit of domain pp0-core 2^-0 Joules
[    1.989307] hw unit of domain package 2^-0 Joules
[    1.990248] hw unit of domain pp1-gpu 2^-0 Joules
[    1.991186] clocksource: tsc: mask: 0xffffffffffffffff max_cycles: 0x2c955856658, max_idle_ns: 440795256416 ns
[    1.993181] platform rtc_cmos: registered platform RTC device (no PNP device found)
[    1.994732] Scanning for low memory corruption every 60 seconds
[    1.996294] audit: initializing netlink subsys (disabled)
[    1.997480] audit: type=2000 audit(1579663306.906:1): initialized
[    1.998945] Initialise system trusted keyring
[    2.000049] HugeTLB registered 2 MB page size, pre-allocated 0 pages
[    2.002577] zbud: loaded
[    2.003614] VFS: Disk quotas dquot_6.6.0
[    2.004512] VFS: Dquot-cache hash table entries: 512 (order 0, 4096 bytes)
[    2.041550] squashfs: version 4.0 (2009/01/31) Phillip Lougher
[    2.043056] fuse init (API version 7.23)
[    2.044028] Key type big_key registered
[    2.044933] Allocating IMA MOK and blacklist keyrings.
[    2.047430] Key type asymmetric registered
[    2.048328] Asymmetric key parser 'x509' registered
[    2.066426] Block layer SCSI generic (bsg) driver version 0.4 loaded (major 249)
[    2.068078] io scheduler noop registered
[    2.070764] io scheduler deadline registered (default)
[    2.071845] io scheduler cfq registered
[    2.072791] pci_hotplug: PCI Hot Plug PCI Core version: 0.5
[    2.133886] pciehp: PCI Express Hot Plug Controller Driver version: 0.4
[    2.135316] ACPI: AC Adapter [AC] (on-line)
[    2.136247] input: Power Button as /devices/LNXSYSTM:00/LNXPWRBN:00/input/input0
[    2.137823] ACPI: Power Button [PWRF]
[    2.138686] input: Sleep Button as /devices/LNXSYSTM:00/LNXSLPBN:00/input/input1
[    2.140193] ACPI: Sleep Button [SLPF]
[    2.141270] GHES: HEST is not enabled!
[    2.142195] Serial: 8250/16550 driver, 32 ports, IRQ sharing enabled
[    2.165636] 00:02: ttyS0 at I/O 0x3f8 (irq = 4, base_baud = 115200) is a 16550A
[    2.171955] Linux agpgart interface v0.103
[    2.236730] loop: module loaded
[    2.275615] scsi host0: ata_piix
[    2.276579] scsi host1: ata_piix
[    2.304880] ata1: PATA max UDMA/33 cmd 0x1f0 ctl 0x3f6 bmdma 0xd000 irq 14
[    2.306189] ata2: PATA max UDMA/33 cmd 0x170 ctl 0x376 bmdma 0xd008 irq 15
[    2.307548] libphy: Fixed MDIO Bus: probed
[    2.312345] tun: Universal TUN/TAP device driver, 1.6
[    2.313514] tun: (C) 1999-2004 Max Krasnyansky <maxk@qualcomm.com>
[    2.314801] PPP generic driver version 2.4.2
[    2.355347] ehci_hcd: USB 2.0 'Enhanced' Host Controller (EHCI) Driver
[    2.371613] ehci-pci: EHCI PCI platform driver
[    2.381814] ehci-platform: EHCI generic platform driver
[    2.425399] ohci_hcd: USB 1.1 'Open' Host Controller (OHCI) Driver
[    2.426552] ohci-pci: OHCI PCI platform driver
[    2.427530] ohci-platform: OHCI generic platform driver
[    2.428565] uhc__hcd: USB Universal Host Controller Interface driver
[    2.495438] i8042: PNP: PS/2 Controller [PNP0303:PS2K,PNP0f03:PS2M] at 0x60,0x64 irq 1,12
[    2.497687] serio: i8042 KBD port at 0x60,0x64 irq 1
[    2.498736] serio: i8042 AUX port at 0x60,0x64 irq 12
[    2.499977] mousedev: PS/2 mouse device common for all mice
[    2.501757] rtc_cmos rtc_cmos: rtc core: registered rtc_cmos as rtc0
[    2.503163] input: AT Translated Set 2 keyboard as /devices/platform/i8042/serio0/input/input2
[    2.535079] rtc_cmos rtc_cmos: alarms up to one day, 114 bytes nvram
[    2.536308] i2c /dev entries driver
[    2.537221] device-mapper: uevent: version 1.0.3
[    2.538249] device-mapper: ioctl: 4.34.0-ioctl (2015-10-28) initialised: dm-devel@redhat.com
[    2.539944] ledtrig-cpu: registered to indicate activity on CPUs
[    2.541686] NET: Registered protocol family 10
[    2.542913] NET: Registered protocol family 17
[    2.543851] Key type dns_resolver registered
[    2.552828] registered taskstats version 1
[    2.553768] Loading compiled-in X.509 certificates
[    2.555527] Loaded X.509 cert 'Build time autogenerated kernel key: e951a32ceec0422669d36e9913b2c7dea5e0a587'
[    2.557530] zswap: loaded using pool lzo/zbud
[    2.560919] Key type trusted registered
[    2.565880] Key type encrypted registered
[    2.566931] AppArmor: AppArmor sha1 policy hashing enabled
[    2.568150] ima: No TPM chip found, activating TPM-bypass!
[    2.694205] ima: Allocated hash algorithm: sha1
[    2.708845] evm: HMAC attrs: 0x1
[    2.715428]   Magic number: 4:759:361
[    2.716302] rtc_cmos rtc_cmos: setting system clock to 2020-01-22 03:21:44 UTC (1579663304)
[    2.718127] BIOS EDD facility v0.16 2004-Jun-25, 0 devices found
[    2.719281] EDD information not available.
[    2.721625] Freeing unused kernel memory: 1488K
[    2.736832] Write protecting the kernel read-only data: 14336k
[    2.738510] Freeing unused kernel memory: 1604K
[    2.739595] Freeing unused kernel memory: 64K
Loading, please wait...
starting version 229
[    2.766502] random: systemd-udevd: uninitialized urandom read (16 bytes read, 2 bits of entropy available)
[    2.767353] random: udevadm: uninitialized urandom read (16 bytes read, 2 bits of entropy available)
[    2.767383] random: udevadm: uninitialized urandom read (16 bytes read, 2 bits of entropy available)
[    2.783064] random: udevadm: uninitialized urandom read (16 bytes read, 2 bits of entropy available)
[    2.783132] random: udevadm: uninitialized urandom read (16 bytes read, 2 bits of entropy available)
[    2.783351] random: udevadm: uninitialized urandom read (16 bytes read, 2 bits of entropy available)
[    2.783437] random: udevadm: uninitialized urandom read (16 bytes read, 2 bits of entropy available)
[    2.783523] random: udevadm: uninitialized urandom read (16 bytes read, 2 bits of entropy available)
[    2.783610] random: udevadm: uninitialized urandom read (16 bytes read, 2 bits of entropy available)
[    2.783694] random: udevadm: uninitialized urandom read (16 bytes read, 2 bits of entropy available)
[    3.038816] e1000: Intel(R) PRO/1000 Network Driver - version 7.3.21-k8-NAPI
[    3.041795] e1000: Copyright (c) 1999-2006 Intel Corporation.
[    3.062061] Fusion MPT base driver 3.04.20
[    3.065269] Copyright (c) 1999-2008 LSI Corporation
[    3.075803] Fusion MPT SPI Host driver 3.04.20
[    3.086522] AVX version of gcm_enc/dec engaged.
[    3.088307] AES CTR mode by8 optimization enabled
[    3.270148] input: ImExPS/2 Generic Explorer Mouse as /devices/platform/i8042/serio1/input/input4
[    3.430995] e1000 0000:00:03.0 eth0: (PCI:33MHz:32-bit) 02:e4:c4:97:dc:06
[    3.432432] e1000 0000:00:03.0 eth0: Intel(R) PRO/1000 Network Connection
[    3.795311] e1000 0000:00:08.0 eth1: (PCI:33MHz:32-bit) 08:00:27:d9:fb:97
[    3.796659] e1000 0000:00:08.0 eth1: Intel(R) PRO/1000 Network Connection
[    3.802661] e1000 0000:00:08.0 enp0s8: renamed from eth1
[    3.804957] mptbase: ioc0: Initiating bringup
[    3.824936] e1000 0000:00:03.0 enp0s3: renamed from eth0
[    3.894492] ioc0: LSI53C1030 A0: Capabilities={Initiator}
[    4.735211] scsi host2: ioc0: LSI53C1030 A0, FwRev=00000000h, Ports=1, MaxQ=256, IRQ=20
[    5.074566] scsi 2:0:0:0: Direct-Access     VBOX     HARDDISK         1.0  PQ: 0 ANSI: 5
[    5.154204] scsi target2:0:0: Beginning Domain Validation
[    5.155985] scsi target2:0:0: Domain Validation skipping write tests
[    5.162666] scsi target2:0:0: Ending Domain Validation
[    5.175146] scsi target2:0:0: asynchronous
[    5.176465] scsi 2:0:1:0: Direct-Access     VBOX     HARDDISK         1.0  PQ: 0 ANSI: 5
[    5.178246] scsi target2:0:1: Beginning Domain Validation
[    5.179929] scsi target2:0:1: Domain Validation skipping write tests
[    5.181135] scsi target2:0:1: Ending Domain Validation
[    5.182198] scsi target2:0:1: asynchronous
[    5.189368] sd 2:0:0:0: [sda] 20971520 512-byte logical blocks: (10.7 GB/10.0 GiB)
[    5.191083] sd 2:0:0:0: [sda] Write Protect is off
[    5.206870] sd 2:0:0:0: [sda] Incomplete mode parameter data
[    5.206886] sd 2:0:0:0: Attached scsi generic sg0 type 0
[    5.207577] sd 2:0:1:0: Attached scsi generic sg1 type 0
[    5.210092] sd 2:0:0:0: [sda] Assuming drive cache: write through
[    5.211292] sd 2:0:1:0: [sdb] 20480 512-byte logical blocks: (10.5 MB/10.0 MiB)
[    5.225785] sd 2:0:1:0: [sdb] Write Protect is off
[    5.226864]  sda: sda1
[    5.227782] sd 2:0:1:0: [sdb] Incomplete mode parameter data
[    5.228326] sd 2:0:0:0: [sda] Attached SCSI disk
[    5.236334] sd 2:0:1:0: [sdb] Assuming drive cache: write through
[    5.278191] sd 2:0:1:0: [sdb] Attached SCSI disk
Begin: Loading essential drivers ... [    6.664276] md: linear personality registered for level -1
[    6.670682] md: multipath personality registered for level -4
[    6.676614] md: raid0 personality registered for level 0
[    6.681790] md: raid1 personality registered for level 1
[    6.752793] raid6: sse2x1   gen()  8393 MB/s
[    6.820790] raid6: sse2x1   xor()  6457 MB/s
[    6.888784] raid6: sse2x2   gen() 10501 MB/s
[    6.968778] raid6: sse2x2   xor()  7539 MB/s
[    7.036779] raid6: sse2x4   gen() 12220 MB/s
[    7.108781] raid6: sse2x4   xor()  9151 MB/s
[    7.126721] raid6: using algorithm sse2x4 gen() 12220 MB/s
[    7.129808] raid6: .... xor() 9151 MB/s, rmw enabled
[    7.146110] raid6: using ssse3x2 recovery algorithm
[    7.148262] xor: automatically using best checksumming function:
[    7.220786]    avx       : 20418.000 MB/sec
[    7.231107] async_tx: api initialized (async)
[    7.245771] md: raid6 personality registered for level 6
[    7.354609] md: raid5 personality registered for level 5
[    7.358772] md: raid4 personality registered for level 4
[    7.448538] md: raid10 personality registered for level 10
done.
Begin: Running /scripts/init-premount ... done.
Begin: Mounting root file system ... Begin: Running /scripts/local-top ... done.
Begin: Runn[    7.600116] Btrfs loaded
ing /scripts/local-premount ... Scanning for Btrfs filesystems
done.
Warning: fsck not present, so skipping root file[    7.641111] EXT4-fs (sda1): mounted filesystem with ordered data mode. Opts: (null)
 system
done.
Begin: Running /scripts/local-bottom ... done.
Begin: Running /scripts/init-bottom ... done.
[    7.777780] systemd[1]: systemd 229 running in system mode. (+PAM +AUDIT +SELINUX +IMA +APPARMOR +SMACK +SYSVINIT +UTMP +LIBCRYPTSETUP +GCRYPT +GNUTLS +ACL +XZ -LZ4 +SECCOMP +BLKID +ELFUTILS +KMOD -IDN)
[    7.788871] systemd[1]: Detected virtualization oracle.
[    7.790027] systemd[1]: Detected architecture x86-64.

Welcome to [1mUbuntu 16.04.6 LTS[0m!

[    7.794185] systemd[1]: Set hostname to <ubuntu>.
[    7.797918] systemd[1]: Initializing machine ID from random generator.
[    7.825394] systemd[1]: Installed transient /etc/machine-id file.
[    8.094265] systemd[1]: Reached target System Time Synchronized.
[[0;32m  OK  [0m] Reached target System Time Synchronized.
[    8.109040] systemd[1]: Listening on /dev/initctl Compatibility Named Pipe.
[[0;32m  OK  [0m] Listening on /dev/initctl Compatibility Named Pipe.
[    8.119903] systemd[1]: Reached target User and Group Name Lookups.
[[0;32m  OK  [0m] Reached target User and Group Name Lookups.
[    8.122599] systemd[1]: Started Trigger resolvconf update for networkd DNS.
[[0;32m  OK  [0m] Started Trigger resolvconf update for networkd DNS.
[   8.12697systmd[1]Listing n LM2 metadata daemon socket.
[[0;32m  OK  [0m] Listening on LVM2 metadata daemon socket.
[   8.378186] systemd[1]: Listening on Journal Socket.
[[0;32m  OK  [0m] Listening on Journal Socket.
[    8.646325] systemd[1]: Listening on Journal Audit Socket.
[[0;32m  OK  [0m] Listening on Journal Audit Socket.
[   8.648870] systemd[1]: Listening on Journal Socket (/dev/log).
[[0;32m  OK  [0m] Listening on Journal Socket (/dev/log).
[    8.674433] systemd[1]: Set up automount Arbitrary Executable File Formats File System Automount Point.
[[0;32m  OK  [0m] Set up automount Arbitrary Executab...ats File System Automount Point.
[    8.707744] systemd[1]: Listening on Device-mapper event daemon FIFOs.
[[0;32m  OK  [0m] Listening on Device-mapper event daemon FIFOs.
[   8.735612] systemd[1]: Created slice User and Session Slice.
[[0;32m  OK  [0m] Created slice User and Session Slice.
[    8.909459] systemd[1]: Listening on LVM2 poll daemon socket.
[[0;32m  OK  [0m] Listening on LVM2 poll daemon socket.
[    8.912490] systemd[1]: Created slice System Slice.
[[0;32m  OK  [0m] Created slice System Slice.
[    8.941020] systemd[1]: Starting Uncomplicated firewall...
         Starting Uncomplicated firewall...
[    8.956290] systemd[1]: Created slice system-serial\x2dgetty.slice.
[[0;32m  OK  [0m] Created slice system-serial\x2dgetty.slice.
[    8.976916] systemd[1]: Mounting POSIX Message Queue File System...
         Mounting POSIX Message Queue File System...
[    8.992786] systemd[1]: Starting Load Kernel Modules...
         Starting Load Kernel Modules...
[    8.998037] systemd[1]: Starting Nameserver information manager...
         [    9.013212] Loading iSCSI transport class v2.0-870.
Starting Nameserver information manager...
[    9.044392] iscsi: registered transport (tcp)
[    9.085063] systemd[1]: Starting Remount Root and Kernel File Systems...
         [    9.115409] EXT4-fs (sda1): re-mounted. Opts: (null)
Starting Remount Root and Kernel File Systems...
[    9.142000] systemd[1]: Starting Set console keymap...
         Starting Set con[    9.222765] iscsi: registered transport (iser)
sole keymap...
[    9.301044] systemd[1]: Mounting Debug File System...
         Mounting Debug File System...
[    9.306064] systemd[1]: Starting Create list of required static device nodes for the current kernel...
         Starting Create list of required st... nodes for the current kernel...
[    9.322723] systemd[1]: Reached target Slices.
[[0;32m  OK  [0m] Reached target Slices.
[    9.333134] systemd[1]: Listening on Syslog Socket.
[[0;32m  OK  [0m] Listening on Syslog Socket.
[    9.336533] systemd[1]: Starting Journal Service...
         Starting Journal Service...
[    9.349707] systemd[1]: Reached target Swap.
[[0;32m  OK  [0m] Reached target Swap.
[    9.353671] systemd[1]: Started Forward Password Requests to Wall Directory Watch.
[[0;32m  OK  [0m] Started Forward Password Requests to Wall Directory Watch.
[    9.377008] systemd[1]: Starting Monitoring of LVM2 mirrors, snapshots etc. using dmeventd or progress polling...
         Starting Monitoring of LVM2 mirrors... dmeventd or progress polling...
[    9.381721] systemd[1]: Mounting Huge Pages File System...
         Mounting Huge Pages File System...
[    9.398905] systemd[1]: Reached target Encrypted Volumes.
[[0;32m  OK  [0m] Reached target Encrypted Volumes.
[    9.430070] systemd[1]: Listening on udev Kernel Socket.
[[0;32m  OK  [0m] Listening on udev Kernel Socket.
[    9.441831] systemd[1]: Listening on udev Control Socket.
[[0;32m  OK  [0m] Listening on udev Control Socket.
[    9.625651] systemd[1]: Mounted Debug File System.
[[0;32m  OK  [0m] [    9.627510] random: nonblocking pool is initialized
Mounted Debug File System.
[    9.629490] systemd[1]: Mounted Huge Pages File System.
[[0;32m  OK  [0m] Mounted Huge Pages File System.
[    9.632137] systemd[1]: Mounted POSIX Message Queue File System.
[[0;32m  OK  [0m] Mounted POSIX Message Queue File System.
[    9.662437] systemd[1]: Started Journal Service.
[[0;32m  OK  [0m] Started Journal Service.
[[0;32m  OK  [0m] Started Uncomplicated firewall.
[[0;32m  OK  [0m] Started Load Kernel Modules.
[[0;32m  OK  [0m] Started Remount Root and Kernel File Systems.
[[0;32m  OK  [0m] Started Set console keymap.
[[0;32m  OK  [0m] Started Create list of required sta...ce nodes for the current kernel.
[[0;32m  OK  [0m] Started Nameserver information manager.
[[0;32m  OK  [0m] Started LVM2 metadata daemon.
         Starting Create Static Device Nodes in /dev...
         Starting Load/Save Random Seed...
         Starting udev Coldplug all Devices...
         Starting Apply Kernel Variables...
         Mounting FUSE Control File System...
         Starting Flush Journal to Persistent Storage...
[[0;32m  OK  [0m] Mounted FUSE Control File System.
[[0;32m  OK  [0m] Started Create Static Device Nodes in /dev.
[[0;32m  OK  [0m] Started Load/Save Random Seed.
[[0;32m  OK  [0m] Started Apply Kernel Variables.
         Starting udev Kernel Device Manager...
[[0;32m  OK  [0m] Started Flush Journal to Persistent Storage.
[[0;32m  OK  [0m] Started udev Coldplug all Devices.
[[0;32m  OK  [0m] Started udev Kernel Device Manager.
[[0;32m  OK  [0m] Started Dispatch Password Requests to Console Directory Watch.
[[0;32m  OK  [0m] Found device /dev/ttyS0.
[[0;32m  OK  [0m] Started Monitoring of LVM2 mirrors,...ng dmeventd or progress polling.
[[0;32m  OK  [0m] Listening on Load/Save RF Kill Switch Status /dev/rfkill Watch.
[[0;32m  OK  [0m] Reached target Local File Systems (Pre).
[[0;32m  OK  [0m] Reached target Local File Systems.
         Starting LSB: AppArmor initialization...
         Starting Commit a transient machine-id on disk...
         Starting Create Volatile Files and Directories...
         Starting Set console font and keymap...
         Starting Initial cloud-init job (pre-networking)...
         Starting Tell Plymouth To Write Out Runtime Data...
[[0;32m  OK  [0m] Started Commit a transient machine-id on disk.
[[0;32m  OK  [0m] Started Create Volatile Files and Directories.
[[0;32m  OK  [0m] Started Tell Plymouth To Write Out Runtime Data.
         Starting Update UTMP about System Boot/Shutdown...
[[0;32m  OK  [0m] Started Update UTMP about System Boot/Shutdown.
[[0;32m  OK  [0m] Started LSB: AppArmor initialization.
[[0;32m  OK  [0m] Started Set console font and keymap.
[[0;32m  OK  [0m] Created slice system-getty.slice.
[   11.958389] cloud-init[639]: Cloud-init v. 19.3-41-gc4735dd3-0ubuntu1~16.04.1 running 'init-local' at Wed, 22 Jan 2020 03:21:54 +0000. Up 11.48 seconds.
[[0;32m  OK  [0m] Started Initial cloud-init job (pre-networking).
[[0;32m  OK  [0m] Reached target Network (Pre).
         Starting Raise network interfaces...
[[0;32m  OK  [0m] Started Raise network interfaces.
         Starting Initial cloud-init job (metadata service crawler)...
[[0;32m  OK  [0m] Reached target Network.
[   13.616586] cloud-init[963]: Cloud-init v. 19.3-41-gc4735dd3-0ubuntu1~16.04.1 running 'init' at Wed, 22 Jan 2020 03:21:55 +0000. Up 12.74 seconds.
[   13.620803] cloud-init[963]: ci-info: ++++++++++++++++++++++++++++++++++++++Net device info+++++++++++++++++++++++++++++++++++++++
[   13.632207] cloud-init[963]: ci-info: +--------+-------+----------------------------+---------------+--------+-------------------+
[   13.640973] cloud-init[963]: ci-info: | Device |   Up  |          Address           |      Mask     | Scope  |     Hw-Address    |
[   13.643357] cloud-init[963]: ci-info: +--------+-------+----------------------------+---------------+--------+-------------------+
[   13.647456] cloud-init[963]: ci-info: | enp0s3 |  True |         10.0.2.15          | 255.255.255.0 | global | 02:e4:c4:97:dc:06 |
[   13.666246] cloud-init[963]: ci-info: | enp0s3 |  True | fe80::e4:c4ff:fe97:dc06/64 |       .       |  link  | 02:e4:c4:97:dc:06 |
[   13.668915] cloud-init[963]: ci-info: | enp0s8 | False |             .              |       .       |   .    | 08:00:27:d9:fb:97 |
[   13.671474] cloud-init[963]: ci-info: |   lo   |  True |         127.0.0.1          |   255.0.0.0   |  host  |         .         |
[   13.687324] cloud-init[963]: ci-info: |   lo   |  True |          ::1/128           |       .       |  host  |         .         |
[   13.720348] cloud-init[963]: ci-info: +--------+-------+----------------------------+---------------+--------+-------------------+
[   13.722498] cloud-init[963]: ci-info: +++++++++++++++++++++++++++Route IPv4 info++++++++++++++++++++++++++++
[   13.724523] cloud-init[963]: ci-info: +-------+-------------+----------+---------------+-----------+-------+
[   13.724984] cloud-init[963]: ci-info: | Route | Destination | Gateway  |    Genmask    | Interface | Flags |
[   13.725143] cloud-init[963]: ci-info: +-------+-------------+----------+---------------+-----------+-------+
[   13.725295] cloud-init[963]: ci-info: |   0   |   0.0.0.0   | 10.0.2.2 |    0.0.0.0    |   enp0s3  |   UG  |
[   13.725457] cloud-init[963]: ci-info: |   1   |   10.0.2.0  | 0.0.0.0  | 255.255.255.0 |   enp0s3  |   U   |
[   13.725607] cloud-init[963]: ci-info: +-------+-------------+----------+---------------+-----------+-------+
[   13.725775] cloud-init[963]: ci-info: +++++++++++++++++++Route IPv6 info+++++++++++++++++++
[   13.725926] cloud-init[963]: ci-info: +-------+-------------+---------+-----------+-------+
[   13.726073] cloud-init[963]: ci-info: | Route | Destination | Gateway | Interface | Flags |
[   13.726220] cloud-init[963]: ci-info: +-------+-------------+---------+-----------+-------+
[   13.726381] cloud-init[963]: ci-info: |   0   |  fe80::/64  |    ::   |   enp0s3  |   U   |
[   13.726552] cloud-init[963]: ci-info: |   3   |   ff00::/8  |    ::   |   enp0s3  |   U   |
[   13.726701] cloud-init[963]: ci-info: +-------+-------------+---------+-----------+-------+
[   13.726866] cloud-init[963]: Generating public/private rsa key pair.
[   13.727016] cloud-init[963]: Your identification has been saved in /etc/ssh/ssh_host_rsa_key.
[   13.727164] cloud-init[963]: Your public key has been saved in /etc/ssh/ssh_host_rsa_key.pub.
[   13.727324] cloud-init[963]: The key fingerprint is:
[   13.727473] cloud-init[963]: SHA256:PBlTMjNNPx6zNYV9rZd3z3e4HyDHsZeavCo1pxJIDkw root@ubuntu-xenial
[   13.727621] cloud-init[963]: The key's randomart image is:
[[0;32m  OK  [0m] Started Initial cloud-init job (metadata service crawler).
[[0;32m  OK  [0m] Reached target Cloud-config availability.
[[0;32m  OK  [0m] Reached target System Initialization.
[[0;32m  OK  [0m] Started Message of the Day.
[   13.727890] cloud-init[963]: +---[RSA 2048]----+
[   13.852680] cloud-init[963]: |        =oo    oo|
[   13.854091] cloud-init[963]: |     E   *..  ..+|
         Starting LXD - unix socket.
[[0;32m  OK  [0m] Started Daily Cleanup of Temporary Directories.
[[   13.856331] cloud-init[963]: |    o   o   =.o.o|
[   13.901267] cloud-init[963]: |     o o + ..*+o=|
[   13.902441] cloud-init[963]: |      + S  .o= *+|
[   13.902815] cloud-init[963]: |       o o o+.* =|
[   13.902892] cloud-init[963]: |          o ++ oo|
[   13.902967] cloud-init[963]: |         o .  o .|
[   13.903044] cloud-init[963]: |          o... ..|
[   13.903120] cloud-init[963]: +----[SHA256]-----+
[   13.903196] cloud-init[963]: Generating public/private dsa key pair.
[   13.903279] cloud-init[963]: Your identification has been saved in /etc/ssh/ssh_host_dsa_key.
[   13.903355] cloud-init[963]: Your public key has been saved in /etc/ssh/ssh_host_dsa_key.pub.
[   13.903431] cloud-init[963]: The key fingerprint is:
[   13.903508] cloud-init[963]: SHA256:rRskvg0TF8d07GMGdgBW4F4SGEbVj5HANAtKtKDS3EA root@ubuntu-xenial
[   13.903585] cloud-init[963]: The key's randomart image is:
[   13.903684] cloud-init[963]: +---[DSA 1024]----+
[   13.903764] cloud-init[963]: | .E.o.=*X*++.    |
[   13.903834] cloud-init[963]: | + = +.+.**.o    |
[   13.903904] cloud-init[963]: |o o +   =.+B     |
[   13.903975] cloud-init[963]: |.      . *. *    |
[   13.904058] cloud-init[963]: |      o S .o .   |
[   13.904132] cloud-init[963]: |     . = .       |
[   13.904207] cloud-init[963]: |      + o        |
[   13.904279] cloud-init[963]: |       = o       |
[   13.904348] cloud-init[963]: |      . o        |
[   13.904417] cloud-init[963]: +----[SHA256]-----+
[   13.904488] cloud-init[963]: Generating public/private ecdsa key pair.
[   13.904568] cloud-init[963]: Your identification has been saved in /etc/ssh/ssh_host_ecdsa_key.
[   13.904644] cloud-init[963]: Your public key has been saved in /etc/ssh/ssh_host_ecdsa_key.pub.
[   13.904716] cloud-init[963]: The key fingerprint is:
[   13.904784] cloud-init[963]: SHA256:ffL8Cva0lxgYLXC+m96nwve3GVBB0cP3BPcWKShLo98 root@ubuntu-xenial
[   13.904855] cloud-init[963]: The key's randomart image is:
[   13.904924] cloud-init[963]: +---[ECDSA 256]---+
[   13.904993] cloud-init[963]: |            . +*=|
[   13.905077] cloud-init[963]: |        .+.. . =B|
[   13.905148] cloud-init[963]: |        o++.  .o*|
[   13.905220] cloud-init[963]: |       . o+ . ...|
[   13.905291] cloud-init[963]: |        S +=..   |
[   13.905360] cloud-init[963]: |         .oE. .  |
[   13.905432] cloud-init[963]: |         .oo+o o |
[   13.905506] cloud-init[963]: |         .==oo+ +|
[   13.905589] cloud-init[963]: |         ..o**o+.|
[   13.905659] cloud-init[963]: +----[SHA256]-----+
[   13.905728] cloud-init[963]: Generating public/private ed25519 key pair.
[   13.905800] cloud-init[963]: Your identification has been saved in /etc/ssh/ssh_host_ed25519_key.
[   13.905869] cloud-init[963]: Your public key has been saved in /etc/ssh/ssh_host_ed25519_key.pub.
[   13.906158] cloud-init[963]: The key fingerprint is:
[   13.906231] cloud-init[963]: SHA256:88r6eMnjkdtJ1f2ykSnnJeD7ApZTxHVPgEf6jR/ftgc root@ubuntu-xenial
[   13.906304] cloud-init[963]: The key's randomart image is:
[   13.906373] cloud-init[963]: +--[ED25519 256]--+
[   13.906445] cloud-init[963]: |           . ++.o|
[   13.906515] cloud-init[963]: |            +..o.|
[   13.906866] cloud-init[963]: |           ...  .|
[   13.906942] cloud-init[963]: |            .o + |
[   13.907013] cloud-init[963]: |        S  oo +.o|
[   13.907084] cloud-init[963]: |         +=o .E+=|
[   13.907168] cloud-init[963]: |       .ooooo B.B|
[   13.907239] cloud-init[963]: |       o=* ..= Bo|
[   13.907309] cloud-init[963]: |      o=*.o .o+..|
[   13.907378] cloud-init[963]: +----[SHA256]-----+
[0;32m  OK  [0m] Listening on UUID daemon activation socket.
         Starting Socket activation for snappy daemon.
[[0;32m  OK  [0m] Started ACPI Events Check.
[[0;32m  OK  [0m] Reached target Paths.
[[0;32m  OK  [0m] Listening on ACPID Listen Socket.
[[0;32m  OK  [0m] Started Daily apt download activities.
[[0;32m  OK  [0m] Started Daily apt upgrade and clean activities.
[[0;32m  OK  [0m] Reached target Timers.
[[0;32m  OK  [0m] Listening on D-Bus System Message Bus Socket.
[[0;32m  OK  [0m] Reached target Network is Online.
         Starting iSCSI initiator daemon (iscsid)...
[[0;32m  OK  [0m] Listening on LXD - unix socket.
[[0;32m  OK  [0m] Listening on Socket activation for snappy daemon.
[[0;32m  OK  [0m] Reached target Sockets.
[[0;32m  OK  [0m] Reached target Basic System.
[[0;32m  OK  [0m] Started ACPI event daemon.
         Starting Virtualbox guest utils...
[[0;32m  OK  [0m] Started D-Bus System Message Bus.
         Starting /etc/rc.local Compatibility...
[[0;32m  OK  [0m] Started Deferred execution scheduler.
[[0;32m  OK  [0m] Started Regular background program processing daemon.
         Starting LSB: Record successful boot for GRUB...
         Starting LSB: MD monitoring daemon...
[[0;32m  OK  [0m] Started FUSE filesystem for LXC.
         Starting Login Service...
         Starting Accounts Service...
         Starting Pollinate to seed the pseudo random number generator...
         Starting System Logging Service...
         Starting Snappy daemon...
         Starting LXD - container startup/shutdown...
[[0;32m  OK  [0m] Started System Logging Service.
[[0;32m  OK  [0m] Started iSCSI initiator daemon (iscsid).
[[0;32m  OK  [0m] Started /etc/rc.local Compatibility.
[[0;32m  OK  [0m] Started Login Service.
[[0;32m  OK  [0m] Started Unattended Upgrades Shutdown.
         Starting Authenticate and Authorize Users to Run Privileged Tasks...
         Starting Login to default iSCSI targets...
[[0;32m  OK  [0m] Started Virtualbox guest utils.
[[0;32m  OK  [0m] Started LSB: Record successful boot for GRUB.
[[0;32m  OK  [0m] Started LSB: MD monitoring daemon.
[[0;32m  OK  [0m] Started LXD - container startup/shutdown.
[[0;32m  OK  [0m] Started Snappy daemon.
[[0;32m  OK  [0m] Started Authenticate and Authorize Users to Run Privileged Tasks.
[[0;32m  OK  [0m] Started Accounts Service.
         Starting Wait until snapd is fully seeded...
[[0;32m  OK  [0m] Started Login to default iSCSI targets.
[[0;32m  OK  [0m] Reached target Remote File Systems (Pre).
[[0;32m  OK  [0m] Reached target Remote File Systems.
         Starting Permit User Sessions...
         Starting LSB: Set the CPU Frequency Scaling governor to "ondemand"...
         Starting LSB: automatic crash report generation...
         Starting LSB: daemon to balance interrupts for SMP systems...
[[0;32m  OK  [0m] Started Permit User Sessions.
         Starting Terminate Plymouth Boot Screen...
         Starting Hold until boot process finishes up...
[[0;32m  OK  [0m] Started Hold until boot process finishes up.
[[0;32m  OK  [0m] Started Pollinate to seed the pseudo random number generator.
[[0;32m  OK  [0m] Started Terminate Plymouth Boot Screen.
         Starting OpenBSD Secure Shell server...
[[0;32m  OK  [0m] Started Getty on tty1.
         Starting Set console scheme...
[[0;32m  OK  [0m] Started Serial Getty on ttyS0.
[[0;32m  OK  [0m] Reached target Login Prompts.
[[0;32m  OK  [0m] Started LSB: Set the CPU Frequency Scaling governor to "ondemand".
[[0;32m  OK  [0m] Started LSB: automatic crash report generation.
[[0;32m  OK  [0m] Started LSB: daemon to balance interrupts for SMP systems.
[[0;32m  OK  [0m] Started Set console scheme.
[[0;32m  OK  [0m] Started OpenBSD Secure Shell server.
[[0;32m  OK  [0m] Started Wait until snapd is fully seeded.
         Starting Apply the settings specified in cloud-config...
[[0;32m  OK  [0m] Reached target Multi-User System.
[[0;32m  OK  [0m] Reached target Graphical Interface.
         Starting Update UTMP about System Runlevel Changes...
[[0;32m  OK  [0m] Started Update UTMP about System Runlevel Changes.
[   17.501407] cloud-init[1311]: Generating locales (this might take a while)...
[   18.379847] cloud-init[1311]:   en_US.UTF-8... done
[   18.424599] cloud-init[1311]: Generation complete.
[   18.710994] cloud-init[1311]: Cloud-init v. 19.3-41-gc4735dd3-0ubuntu1~16.04.1 running 'modules:config' at Wed, 22 Jan 2020 03:22:00 +0000. Up 17.38 seconds.
[[0;32m  OK  [0m] Started Apply the settings specified in cloud-config.
         Starting Execute cloud user/final scripts...
[[0;32m  OK  [0m] Created slice User Slice of vagrant.
         Starting User Manager for UID 1000...
ci-info: no authorized ssh keys fingerprints found for user ubuntu.
[[0;32m  OK  [0m] Started Session 1 of user vagrant.
[[0;32m  OK  [0m] Started User Manager for UID 1000.
<14>Jan 22 03:22:01 ec2: 
<14>Jan 22 03:22:01 ec2: #############################################################
<14>Jan 22 03:22:01 ec2: -----BEGIN SSH HOST KEY FINGERPRINTS-----
<14>Jan 22 03:22:01 ec2: 1024 SHA256:rRskvg0TF8d07GMGdgBW4F4SGEbVj5HANAtKtKDS3EA root@ubuntu-xenial (DSA)
<14>Jan 22 03:22:01 ec2: 256 SHA256:ffL8Cva0lxgYLXC+m96nwve3GVBB0cP3BPcWKShLo98 root@ubuntu-xenial (ECDSA)
<14>Jan 22 03:22:01 ec2: 256 SHA256:88r6eMnjkdtJ1f2ykSnnJeD7ApZTxHVPgEf6jR/ftgc root@ubuntu-xenial (ED25519)
<14>Jan 22 03:22:01 ec2: 2048 SHA256:PBlTMjNNPx6zNYV9rZd3z3e4HyDHsZeavCo1pxJIDkw root@ubuntu-xenial (RSA)
<14>Jan 22 03:22:01 ec2: -----END SSH HOST KEY FINGERPRINTS-----
<14>Jan 22 03:22:01 ec2: #############################################################
-----BEGIN SSH HOST KEY KEYS-----
ecdsa-sha2-nistp256 AAAAE2VjZHNhLXNoYTItbmlzdHAyNTYAAAAIbmlzdHAyNTYAAABBBFn7tIv7FCbFFjbYqz3qfwOFB8bwpMjvHOXq1tzANIfCFgcDCHFsgXIuUJQJTudDna3g+plueJo7lG1NAFacIkI= root@ubuntu-xenial
ssh-ed25519 AAAAC3NzaC1lZDI1NTE5AAAAINNM4qV8WO9lz44rPx9mhZgN7Wm4V/asNuWmBXlrzGa3 root@ubuntu-xenial
ssh-rsa AAAAB3NzaC1yc2EAAAADAQABAAABAQDl+gNx1jUPa8HoA0Izyh9gnZ2bfr0yTazsjvHeWQHcw/sGlUJLdBRP6R1yW4KE94crO/sAx+ZNL5BeUdhDS5j6ksdBQN+jjonWRhGGHu4GfjxVffVqK1E4+ExfpvPgKQbo6cwMDYvwyTlSdlw1CxtkTMyQaaiM/JuIv71HNQd8WH2N0MLCH9iL4cLdVMatfyItBqymd6Nock3UF5WWxgaXrYza+zvLDuN3BpcAzj2a3CTURCyuiX1Ywj91ZVzJm++UDG4oU6zn3OGs315Cc80jr3ECizO6BOZ+JBfJSMe+ki3LvmUkA6tdrGWIRVHczJbFirJKG3pXeBkafQsI8CY/ root@ubuntu-xenial
-----END SSH HOST KEY KEYS-----
[   19.443862] cloud-init[1353]: Cloud-init v. 19.3-41-gc4735dd3-0ubuntu1~16.04.1 running 'modules:final' at Wed, 22 Jan 2020 03:22:01 +0000. Up 19.11 seconds.
[   19.448249] cloud-init[1353]: ci-info: no authorized ssh keys fingerprints found for user ubuntu.
[   19.452428] cloud-init[1353]: Cloud-init v. 19.3-41-gc4735dd3-0ubuntu1~16.04.1 finished at Wed, 22 Jan 2020 03:22:02 +0000. Datasource DataSourceNoCloud [seed=/dev/sdb][dsmode=net].  Up 19.43 seconds
[[0;32m  OK  [0m] Started Execute cloud user/final scripts.
[[0;32m  OK  [0m] Reached target Cloud-init target.

Ubuntu 16.04.6 LTS ubuntu-xenial ttyS0

ubuntu-xenial login: 